Copyright 1986-2022 Xilinx, Inc. All Rights Reserved. Copyright 2022-2023 Advanced Micro Devices, Inc. All Rights Reserved.
-------------------------------------------------------------------------------------------------------------------------------------------------
| Tool Version     : Vivado v.2023.1 (win64) Build 3865809 Sun May  7 15:05:29 MDT 2023
| Date             : Sun Dec 24 20:17:48 2023
| Host             : miikiyoshi running 64-bit major release  (build 9200)
| Command          : report_power -file top_power_routed.rpt -pb top_power_summary_routed.pb -rpx top_power_routed.rpx
| Design           : top
| Device           : xc7z010clg400-1
| Design State     : routed
| Grade            : commercial
| Process          : typical
| Characterization : Production
-------------------------------------------------------------------------------------------------------------------------------------------------

Power Report

Table of Contents
-----------------
1. Summary
1.1 On-Chip Components
1.2 Power Supply Summary
1.3 Confidence Level
2. Settings
2.1 Environment
2.2 Clock Constraints
3. Detailed Reports
3.1 By Hierarchy

1. Summary
----------

+--------------------------+--------------+
| Total On-Chip Power (W)  | 0.491        |
| Design Power Budget (W)  | Unspecified* |
| Power Budget Margin (W)  | NA           |
| Dynamic (W)              | 0.390        |
| Device Static (W)        | 0.100        |
| Effective TJA (C/W)      | 11.5         |
| Max Ambient (C)          | 79.3         |
| Junction Temperature (C) | 30.7         |
| Confidence Level         | Low          |
| Setting File             | ---          |
| Simulation Activity File | ---          |
| Design Nets Matched      | NA           |
+--------------------------+--------------+
* Specify Design Power Budget using, set_operating_conditions -design_power_budget <value in Watts>


1.1 On-Chip Components
----------------------

+----------------+-----------+----------+-----------+-----------------+
| On-Chip        | Power (W) | Used     | Available | Utilization (%) |
+----------------+-----------+----------+-----------+-----------------+
| Clocks         |     0.004 |       14 |       --- |             --- |
| Slice Logic    |     0.020 |    17943 |       --- |             --- |
|   LUT as Logic |     0.019 |    12245 |     17600 |           69.57 |
|   F7/F8 Muxes  |    <0.001 |     2249 |     17600 |           12.78 |
|   CARRY4       |    <0.001 |      410 |      4400 |            9.32 |
|   Register     |    <0.001 |     1355 |     35200 |            3.85 |
|   Others       |     0.000 |       81 |       --- |             --- |
| Signals        |     0.022 |    11720 |       --- |             --- |
| Block RAM      |     0.010 |       48 |        60 |           80.00 |
| MMCM           |     0.202 |        2 |         2 |          100.00 |
| I/O            |     0.132 |       21 |       100 |           21.00 |
| Static Power   |     0.100 |          |           |                 |
| Total          |     0.491 |          |           |                 |
+----------------+-----------+----------+-----------+-----------------+


1.2 Power Supply Summary
------------------------

+-----------+-------------+-----------+-------------+------------+-------------+-------------+------------+
| Source    | Voltage (V) | Total (A) | Dynamic (A) | Static (A) | Powerup (A) | Budget (A)  | Margin (A) |
+-----------+-------------+-----------+-------------+------------+-------------+-------------+------------+
| Vccint    |       1.000 |     0.062 |       0.057 |      0.005 |       NA    | Unspecified | NA         |
| Vccaux    |       1.800 |     0.118 |       0.112 |      0.006 |       NA    | Unspecified | NA         |
| Vcco33    |       3.300 |     0.041 |       0.040 |      0.001 |       NA    | Unspecified | NA         |
| Vcco25    |       2.500 |     0.000 |       0.000 |      0.000 |       NA    | Unspecified | NA         |
| Vcco18    |       1.800 |     0.000 |       0.000 |      0.000 |       NA    | Unspecified | NA         |
| Vcco15    |       1.500 |     0.000 |       0.000 |      0.000 |       NA    | Unspecified | NA         |
| Vcco135   |       1.350 |     0.000 |       0.000 |      0.000 |       NA    | Unspecified | NA         |
| Vcco12    |       1.200 |     0.000 |       0.000 |      0.000 |       NA    | Unspecified | NA         |
| Vccaux_io |       1.800 |     0.000 |       0.000 |      0.000 |       NA    | Unspecified | NA         |
| Vccbram   |       1.000 |     0.003 |       0.001 |      0.002 |       NA    | Unspecified | NA         |
| MGTAVcc   |       1.000 |     0.000 |       0.000 |      0.000 |       NA    | Unspecified | NA         |
| MGTAVtt   |       1.200 |     0.000 |       0.000 |      0.000 |       NA    | Unspecified | NA         |
| MGTVccaux |       1.800 |     0.000 |       0.000 |      0.000 |       NA    | Unspecified | NA         |
| Vccpint   |       1.000 |     0.019 |       0.000 |      0.019 |       NA    | Unspecified | NA         |
| Vccpaux   |       1.800 |     0.010 |       0.000 |      0.010 |       NA    | Unspecified | NA         |
| Vccpll    |       1.800 |     0.003 |       0.000 |      0.003 |       NA    | Unspecified | NA         |
| Vcco_ddr  |       1.500 |     0.000 |       0.000 |      0.000 |       NA    | Unspecified | NA         |
| Vcco_mio0 |       1.800 |     0.000 |       0.000 |      0.000 |       NA    | Unspecified | NA         |
| Vcco_mio1 |       1.800 |     0.000 |       0.000 |      0.000 |       NA    | Unspecified | NA         |
| Vccadc    |       1.800 |     0.020 |       0.000 |      0.020 |       NA    | Unspecified | NA         |
+-----------+-------------+-----------+-------------+------------+-------------+-------------+------------+


1.3 Confidence Level
--------------------

+-----------------------------+------------+--------------------------------------------------------+------------------------------------------------------------------------------------------------------------+
| User Input Data             | Confidence | Details                                                | Action                                                                                                     |
+-----------------------------+------------+--------------------------------------------------------+------------------------------------------------------------------------------------------------------------+
| Design implementation state | High       | Design is routed                                       |                                                                                                            |
| Clock nodes activity        | High       | User specified more than 95% of clocks                 |                                                                                                            |
| I/O nodes activity          | Low        | More than 75% of inputs are missing user specification | Provide missing input activity with simulation results or by editing the "By Resource Type -> I/Os" view   |
| Internal nodes activity     | Medium     | User specified less than 25% of internal nodes         | Provide missing internal nodes activity with simulation results or by editing the "By Resource Type" views |
| Device models               | High       | Device models are Production                           |                                                                                                            |
|                             |            |                                                        |                                                                                                            |
| Overall confidence level    | Low        |                                                        |                                                                                                            |
+-----------------------------+------------+--------------------------------------------------------+------------------------------------------------------------------------------------------------------------+


2. Settings
-----------

2.1 Environment
---------------

+-----------------------+------------------------+
| Ambient Temp (C)      | 25.0                   |
| ThetaJA (C/W)         | 11.5                   |
| Airflow (LFM)         | 250                    |
| Heat Sink             | none                   |
| ThetaSA (C/W)         | 0.0                    |
| Board Selection       | medium (10"x10")       |
| # of Board Layers     | 8to11 (8 to 11 Layers) |
| Board Temperature (C) | 25.0                   |
+-----------------------+------------------------+


2.2 Clock Constraints
---------------------

+----------------------+------------------------------------+-----------------+
| Clock                | Domain                             | Constraint (ns) |
+----------------------+------------------------------------+-----------------+
| clk_125mhz           | clk_125mhz                         |             8.0 |
| clk_1x_pre           | dvi/display_clocks_inst/clk_1x_pre |            39.7 |
| clk_1x_pre_1         | dvi/display_clocks_inst/clk_1x_pre |            39.7 |
| clk_5x_pre           | dvi/display_clocks_inst/clk_5x_pre |             7.9 |
| clk_5x_pre_1         | dvi/display_clocks_inst/clk_5x_pre |             7.9 |
| clk_fb               | dvi/display_clocks_inst/clk_fb     |            50.0 |
| clk_fb_1             | dvi/display_clocks_inst/clk_fb     |            50.0 |
| clk_out1_clk_wiz_0   | clk_inst/inst/clk_out1_clk_wiz_0   |            10.0 |
| clk_out1_clk_wiz_0_1 | clk_inst/inst/clk_out1_clk_wiz_0   |            10.0 |
| clkfbout_clk_wiz_0   | clk_inst/inst/clkfbout_clk_wiz_0   |             8.0 |
| clkfbout_clk_wiz_0_1 | clk_inst/inst/clkfbout_clk_wiz_0   |             8.0 |
| sys_clk_pin          | clk_125mhz                         |             8.0 |
+----------------------+------------------------------------+-----------------+


3. Detailed Reports
-------------------

3.1 By Hierarchy
----------------

+----------------------------+-----------+
| Name                       | Power (W) |
+----------------------------+-----------+
| top                        |     0.390 |
|   clk_inst                 |     0.107 |
|     inst                   |     0.107 |
|   dvi                      |     0.231 |
|     display_clocks_inst    |     0.096 |
|     display_timings_inst   |     0.002 |
|   mario                    |     0.042 |
|     ending_display_inst    |     0.011 |
|       ending_rom_inst      |     0.011 |
|     game_over_display_inst |     0.005 |
|       game_over_rom_inst   |     0.005 |
|     goombas_display        |     0.004 |
|     intro_display_inst     |     0.020 |
|       intro_rom_inst       |     0.006 |
|     mario_display_inst     |     0.003 |
+----------------------------+-----------+


